<?xml version="1.0" encoding="UTF-8"?>
<testsuite name="com.travis.ci.demo.CalculatorTest" tests="2" failures="0" errors="0" timestamp="2014-12-12T16:46:42" hostname="CGML068960.local" time="0.003">
  <properties/>
  <testcase name="Add_shouldAdd_2_positiveNumbers" classname="com.travis.ci.demo.CalculatorTest" time="0.003"/>
  <testcase name="Add_shouldAdd_2_negativeNumbers" classname="com.travis.ci.demo.CalculatorTest" time="0.0"/>
  <system-out><![CDATA[]]></system-out>
  <system-err><![CDATA[]]></system-err>
</testsuite>
